[{"line":2,"elements":[{"start_timestamp":"2023-04-08T20:57:24.459Z","before":[{"result":{"error_message":"org.openqa.selenium.TimeoutException: timeout: Timed out receiving message from renderer: 9.206\n  (Session info: chrome=111.0.5563.146)\nBuild info: version: '4.7.2', revision: '4d4020c3b7'\nSystem info: os.name: 'Mac OS X', os.arch: 'aarch64', os.version: '12.5', java.version: '17.0.6'\nDriver info: org.openqa.selenium.chrome.ChromeDriver\nCommand: [139abf7ba5a80bfa20f17683acb45031, get {url=http://3.75.100.91/}]\nCapabilities {acceptInsecureCerts: false, browserName: chrome, browserVersion: 111.0.5563.146, chrome: {chromedriverVersion: 111.0.5563.64 (c710e93d5b63..., userDataDir: /var/folders/0t/3x2gzg1s1hg...}, goog:chromeOptions: {debuggerAddress: localhost:56431}, networkConnectionEnabled: false, pageLoadStrategy: normal, platformName: MAC, proxy: Proxy(), se:cdp: ws://localhost:56431/devtoo..., se:cdpVersion: 111.0.5563.146, setWindowRect: true, strictFileInteractability: false, timeouts: {implicit: 0, pageLoad: 300000, script: 30000}, unhandledPromptBehavior: dismiss and notify, webauthn:extension:credBlob: true, webauthn:extension:largeBlob: true, webauthn:extension:minPinLength: true, webauthn:extension:prf: true, webauthn:virtualAuthenticators: true}\nSession ID: 139abf7ba5a80bfa20f17683acb45031\n\tat java.base/jdk.internal.reflect.NativeConstructorAccessorImpl.newInstance0(Native Method)\n\tat java.base/jdk.internal.reflect.NativeConstructorAccessorImpl.newInstance(NativeConstructorAccessorImpl.java:77)\n\tat java.base/jdk.internal.reflect.DelegatingConstructorAccessorImpl.newInstance(DelegatingConstructorAccessorImpl.java:45)\n\tat java.base/java.lang.reflect.Constructor.newInstanceWithCaller(Constructor.java:499)\n\tat java.base/java.lang.reflect.Constructor.newInstance(Constructor.java:480)\n\tat org.openqa.selenium.remote.codec.w3c.W3CHttpResponseCodec.createException(W3CHttpResponseCodec.java:200)\n\tat org.openqa.selenium.remote.codec.w3c.W3CHttpResponseCodec.decode(W3CHttpResponseCodec.java:133)\n\tat org.openqa.selenium.remote.codec.w3c.W3CHttpResponseCodec.decode(W3CHttpResponseCodec.java:53)\n\tat org.openqa.selenium.remote.HttpCommandExecutor.execute(HttpCommandExecutor.java:184)\n\tat org.openqa.selenium.remote.service.DriverCommandExecutor.invokeExecute(DriverCommandExecutor.java:167)\n\tat org.openqa.selenium.remote.service.DriverCommandExecutor.execute(DriverCommandExecutor.java:142)\n\tat org.openqa.selenium.remote.RemoteWebDriver.execute(RemoteWebDriver.java:535)\n\tat org.openqa.selenium.remote.RemoteWebDriver.get(RemoteWebDriver.java:296)\n\tat org.openqa.selenium.remote.RemoteWebDriver$RemoteNavigation.to(RemoteWebDriver.java:975)\n\tat StepDefinitions.Home.Hooks.openBrowser(Hooks.java:30)\n","duration":22617576000,"status":"failed"},"match":{"location":"StepDefinitions.Home.Hooks.openBrowser()"}}],"line":12,"name":"User could log in with valid email and password","description":"","id":"verify-login-functionality;user-could-log-in-with-valid-email-and-password;;2","after":[{"result":{"duration":2153430000,"status":"passed"},"match":{"location":"StepDefinitions.Home.Hooks.closeBrowser()"}}],"type":"scenario","keyword":"Scenario Outline","steps":[{"result":{"duration":1999000,"status":"skipped"},"line":5,"name":"user enter valid email\"mohamed.osama_94@yahoo.com\"","match":{"arguments":[{"val":"mohamed.osama_94@yahoo.com","offset":23}],"location":"StepDefinitions.Login.LoginStepDefinition.enterEmail(java.lang.String)"},"keyword":"When "},{"result":{"duration":187000,"status":"skipped"},"line":6,"name":"user enter valid password\"12345678\"","match":{"arguments":[{"val":"12345678","offset":26}],"location":"StepDefinitions.Login.LoginStepDefinition.enterPassword(java.lang.String)"},"keyword":"And "},{"result":{"duration":1479000,"status":"skipped"},"line":7,"name":"user click on login","match":{"location":"StepDefinitions.Login.LoginStepDefinition.clickLoginButton()"},"keyword":"And "},{"result":{"duration":1918000,"status":"skipped"},"line":8,"name":"user could login successfully and redirected to home page","match":{"location":"StepDefinitions.Login.LoginStepDefinition.successLogin()"},"keyword":"Then "}],"tags":[{"name":"@Regression"}]}],"name":"Verify login Functionality","description":"","id":"verify-login-functionality","keyword":"Feature","uri":"file:src/main/resources/Features/Login/SC02_Login.feature","tags":[{"name":"@Regression","type":"Tag","location":{"line":1,"column":1}}]},{"line":2,"elements":[{"start_timestamp":"2023-04-08T20:57:49.312Z","before":[{"result":{"error_message":"org.openqa.selenium.TimeoutException: timeout: Timed out receiving message from renderer: 9.688\n  (Session info: chrome=111.0.5563.146)\nBuild info: version: '4.7.2', revision: '4d4020c3b7'\nSystem info: os.name: 'Mac OS X', os.arch: 'aarch64', os.version: '12.5', java.version: '17.0.6'\nDriver info: org.openqa.selenium.chrome.ChromeDriver\nCommand: [d5fbf3dd249d75c4e97d5b92118b41cf, get {url=http://3.75.100.91/}]\nCapabilities {acceptInsecureCerts: false, browserName: chrome, browserVersion: 111.0.5563.146, chrome: {chromedriverVersion: 111.0.5563.64 (c710e93d5b63..., userDataDir: /var/folders/0t/3x2gzg1s1hg...}, goog:chromeOptions: {debuggerAddress: localhost:56529}, networkConnectionEnabled: false, pageLoadStrategy: normal, platformName: MAC, proxy: Proxy(), se:cdp: ws://localhost:56529/devtoo..., se:cdpVersion: 111.0.5563.146, setWindowRect: true, strictFileInteractability: false, timeouts: {implicit: 0, pageLoad: 300000, script: 30000}, unhandledPromptBehavior: dismiss and notify, webauthn:extension:credBlob: true, webauthn:extension:largeBlob: true, webauthn:extension:minPinLength: true, webauthn:extension:prf: true, webauthn:virtualAuthenticators: true}\nSession ID: d5fbf3dd249d75c4e97d5b92118b41cf\n\tat java.base/jdk.internal.reflect.NativeConstructorAccessorImpl.newInstance0(Native Method)\n\tat java.base/jdk.internal.reflect.NativeConstructorAccessorImpl.newInstance(NativeConstructorAccessorImpl.java:77)\n\tat java.base/jdk.internal.reflect.DelegatingConstructorAccessorImpl.newInstance(DelegatingConstructorAccessorImpl.java:45)\n\tat java.base/java.lang.reflect.Constructor.newInstanceWithCaller(Constructor.java:499)\n\tat java.base/java.lang.reflect.Constructor.newInstance(Constructor.java:480)\n\tat org.openqa.selenium.remote.codec.w3c.W3CHttpResponseCodec.createException(W3CHttpResponseCodec.java:200)\n\tat org.openqa.selenium.remote.codec.w3c.W3CHttpResponseCodec.decode(W3CHttpResponseCodec.java:133)\n\tat org.openqa.selenium.remote.codec.w3c.W3CHttpResponseCodec.decode(W3CHttpResponseCodec.java:53)\n\tat org.openqa.selenium.remote.HttpCommandExecutor.execute(HttpCommandExecutor.java:184)\n\tat org.openqa.selenium.remote.service.DriverCommandExecutor.invokeExecute(DriverCommandExecutor.java:167)\n\tat org.openqa.selenium.remote.service.DriverCommandExecutor.execute(DriverCommandExecutor.java:142)\n\tat org.openqa.selenium.remote.RemoteWebDriver.execute(RemoteWebDriver.java:535)\n\tat org.openqa.selenium.remote.RemoteWebDriver.get(RemoteWebDriver.java:296)\n\tat org.openqa.selenium.remote.RemoteWebDriver$RemoteNavigation.to(RemoteWebDriver.java:975)\n\tat StepDefinitions.Home.Hooks.openBrowser(Hooks.java:30)\n","duration":15195626000,"status":"failed"},"match":{"location":"StepDefinitions.Home.Hooks.openBrowser()"}}],"line":13,"name":"User couldn't log in without valid  password","description":"","id":"verify-invalidlogin-functionality;user-couldn-t-log-in-without-valid--password;;2","after":[{"result":{"duration":2140096000,"status":"passed"},"match":{"location":"StepDefinitions.Home.Hooks.closeBrowser()"}}],"type":"scenario","keyword":"Scenario Outline","steps":[{"result":{"duration":677000,"status":"skipped"},"line":5,"name":"user enter Invalid user\"mohamed.osama_94@yahoo.com\"","match":{"arguments":[{"val":"mohamed.osama_94@yahoo.com","offset":24}],"location":"StepDefinitions.Login.InvalidLogin.enterInvalidEmail(java.lang.String)"},"keyword":"When "},{"result":{"duration":341000,"status":"skipped"},"line":6,"name":"user enter Invalid password\"Test@123\"","match":{"arguments":[{"val":"Test@123","offset":28}],"location":"StepDefinitions.Login.InvalidLogin.enterInvalidPassword(java.lang.String)"},"keyword":"And "},{"result":{"duration":255000,"status":"skipped"},"line":7,"name":"user Invalid click on login","match":{"location":"StepDefinitions.Login.InvalidLogin.InvaidclickLoginButton()"},"keyword":"And "},{"result":{"duration":245000,"status":"skipped"},"line":8,"name":"user cannot login","match":{"location":"StepDefinitions.Login.InvalidLogin.wrongdata()"},"keyword":"Then "}],"tags":[{"name":"@Regression"}]},{"start_timestamp":"2023-04-08T20:58:06.668Z","before":[{"result":{"duration":9231779000,"status":"passed"},"match":{"location":"StepDefinitions.Home.Hooks.openBrowser()"}}],"line":24,"name":"User couldn't log in without valid email","description":"","id":"verify-invalidlogin-functionality;user-couldn-t-log-in-without-valid-email;;2","after":[{"result":{"duration":2184446000,"status":"passed"},"match":{"location":"StepDefinitions.Home.Hooks.closeBrowser()"}}],"type":"scenario","keyword":"Scenario Outline","steps":[{"result":{"duration":4290766000,"status":"passed"},"line":16,"name":"user enter Invalid user\"rahul@gmail.com\"","match":{"arguments":[{"val":"rahul@gmail.com","offset":24}],"location":"StepDefinitions.Login.InvalidLogin.enterInvalidEmail(java.lang.String)"},"keyword":"When "},{"result":{"duration":1233219000,"status":"passed"},"line":17,"name":"user enter Invalid password\"12345678\"","match":{"arguments":[{"val":"12345678","offset":28}],"location":"StepDefinitions.Login.InvalidLogin.enterInvalidPassword(java.lang.String)"},"keyword":"And "},{"result":{"duration":395952000,"status":"passed"},"line":18,"name":"user Invalid click on login","match":{"location":"StepDefinitions.Login.InvalidLogin.InvaidclickLoginButton()"},"keyword":"And "},{"result":{"duration":169795000,"status":"passed"},"line":19,"name":"user cannot login","match":{"location":"StepDefinitions.Login.InvalidLogin.wrongdata()"},"keyword":"Then "}],"tags":[{"name":"@Regression"}]},{"start_timestamp":"2023-04-08T20:58:24.190Z","before":[{"result":{"duration":9064774000,"status":"passed"},"match":{"location":"StepDefinitions.Home.Hooks.openBrowser()"}}],"line":35,"name":"User couldn't log in without valid email and password","description":"","id":"verify-invalidlogin-functionality;user-couldn-t-log-in-without-valid-email-and-password;;2","after":[{"result":{"duration":2134987000,"status":"passed"},"match":{"location":"StepDefinitions.Home.Hooks.closeBrowser()"}}],"type":"scenario","keyword":"Scenario Outline","steps":[{"result":{"duration":4199079000,"status":"passed"},"line":27,"name":"user enter Invalid user\"rahul@gmail.com\"","match":{"arguments":[{"val":"rahul@gmail.com","offset":24}],"location":"StepDefinitions.Login.InvalidLogin.enterInvalidEmail(java.lang.String)"},"keyword":"When "},{"result":{"duration":1275685000,"status":"passed"},"line":28,"name":"user enter Invalid password\"rahul@gmail.com\"","match":{"arguments":[{"val":"rahul@gmail.com","offset":28}],"location":"StepDefinitions.Login.InvalidLogin.enterInvalidPassword(java.lang.String)"},"keyword":"And "},{"result":{"duration":579634000,"status":"passed"},"line":29,"name":"user Invalid click on login","match":{"location":"StepDefinitions.Login.InvalidLogin.InvaidclickLoginButton()"},"keyword":"And "},{"result":{"duration":246377000,"status":"passed"},"line":30,"name":"user cannot login","match":{"location":"StepDefinitions.Login.InvalidLogin.wrongdata()"},"keyword":"Then "}],"tags":[{"name":"@Regression"}]}],"name":"Verify Invalidlogin Functionality","description":"","id":"verify-invalidlogin-functionality","keyword":"Feature","uri":"file:src/main/resources/Features/Login/SCO1_InvalidLogin.feature","tags":[{"name":"@Regression","type":"Tag","location":{"line":1,"column":1}}]},{"line":2,"elements":[{"start_timestamp":"2023-04-08T20:58:41.703Z","before":[{"result":{"error_message":"org.openqa.selenium.TimeoutException: timeout: Timed out receiving message from renderer: 9.481\n  (Session info: chrome=111.0.5563.146)\nBuild info: version: '4.7.2', revision: '4d4020c3b7'\nSystem info: os.name: 'Mac OS X', os.arch: 'aarch64', os.version: '12.5', java.version: '17.0.6'\nDriver info: org.openqa.selenium.chrome.ChromeDriver\nCommand: [3ef4d3fdb6a522e1b64e290f0cc57d3e, get {url=http://3.75.100.91/}]\nCapabilities {acceptInsecureCerts: false, browserName: chrome, browserVersion: 111.0.5563.146, chrome: {chromedriverVersion: 111.0.5563.64 (c710e93d5b63..., userDataDir: /var/folders/0t/3x2gzg1s1hg...}, goog:chromeOptions: {debuggerAddress: localhost:56794}, networkConnectionEnabled: false, pageLoadStrategy: normal, platformName: MAC, proxy: Proxy(), se:cdp: ws://localhost:56794/devtoo..., se:cdpVersion: 111.0.5563.146, setWindowRect: true, strictFileInteractability: false, timeouts: {implicit: 0, pageLoad: 300000, script: 30000}, unhandledPromptBehavior: dismiss and notify, webauthn:extension:credBlob: true, webauthn:extension:largeBlob: true, webauthn:extension:minPinLength: true, webauthn:extension:prf: true, webauthn:virtualAuthenticators: true}\nSession ID: 3ef4d3fdb6a522e1b64e290f0cc57d3e\n\tat java.base/jdk.internal.reflect.NativeConstructorAccessorImpl.newInstance0(Native Method)\n\tat java.base/jdk.internal.reflect.NativeConstructorAccessorImpl.newInstance(NativeConstructorAccessorImpl.java:77)\n\tat java.base/jdk.internal.reflect.DelegatingConstructorAccessorImpl.newInstance(DelegatingConstructorAccessorImpl.java:45)\n\tat java.base/java.lang.reflect.Constructor.newInstanceWithCaller(Constructor.java:499)\n\tat java.base/java.lang.reflect.Constructor.newInstance(Constructor.java:480)\n\tat org.openqa.selenium.remote.codec.w3c.W3CHttpResponseCodec.createException(W3CHttpResponseCodec.java:200)\n\tat org.openqa.selenium.remote.codec.w3c.W3CHttpResponseCodec.decode(W3CHttpResponseCodec.java:133)\n\tat org.openqa.selenium.remote.codec.w3c.W3CHttpResponseCodec.decode(W3CHttpResponseCodec.java:53)\n\tat org.openqa.selenium.remote.HttpCommandExecutor.execute(HttpCommandExecutor.java:184)\n\tat org.openqa.selenium.remote.service.DriverCommandExecutor.invokeExecute(DriverCommandExecutor.java:167)\n\tat org.openqa.selenium.remote.service.DriverCommandExecutor.execute(DriverCommandExecutor.java:142)\n\tat org.openqa.selenium.remote.RemoteWebDriver.execute(RemoteWebDriver.java:535)\n\tat org.openqa.selenium.remote.RemoteWebDriver.get(RemoteWebDriver.java:296)\n\tat org.openqa.selenium.remote.RemoteWebDriver$RemoteNavigation.to(RemoteWebDriver.java:975)\n\tat StepDefinitions.Home.Hooks.openBrowser(Hooks.java:30)\n","duration":16739024000,"status":"failed"},"match":{"location":"StepDefinitions.Home.Hooks.openBrowser()"}}],"line":13,"name":"User could reset his/her password successfully","description":"","id":"verify-reset-password-functionality;user-could-reset-his/her-password-successfully;;2","after":[{"result":{"duration":2134465000,"status":"passed"},"match":{"location":"StepDefinitions.Home.Hooks.closeBrowser()"}}],"type":"scenario","keyword":"Scenario Outline","steps":[{"result":{"duration":609000,"status":"skipped"},"line":5,"name":"user opened login page","match":{"location":"StepDefinitions.ForgetPassword.ForgotPasswordSD.openLoginPage()"},"keyword":"Given "},{"result":{"duration":225000,"status":"skipped"},"line":6,"name":"user click on reset password","match":{"location":"StepDefinitions.ForgetPassword.ForgotPasswordSD.forgotPassword()"},"keyword":"And "},{"result":{"duration":482000,"status":"skipped"},"line":7,"name":"user enter his email\"mohamed.osama_94@yahoo.com\"","match":{"arguments":[{"val":"mohamed.osama_94@yahoo.com","offset":21}],"location":"StepDefinitions.ForgetPassword.ForgotPasswordSD.enterEmail(java.lang.String)"},"keyword":"And "},{"result":{"duration":255000,"status":"skipped"},"line":9,"name":"user click recover","match":{"location":"StepDefinitions.ForgetPassword.ForgotPasswordSD.clickOnRecover()"},"keyword":"And "},{"result":{"duration":209000,"status":"skipped"},"line":10,"name":"user should receive a link to reset password","match":{"location":"StepDefinitions.ForgetPassword.ForgotPasswordSD.checkRecoverMessage()"},"keyword":"Then "}],"tags":[{"name":"@Regression"}]}],"name":"verify reset password functionality","description":"","id":"verify-reset-password-functionality","keyword":"Feature","uri":"file:src/main/resources/Features/RestPassword/SC03_ResetPass.feature","tags":[{"name":"@Regression","type":"Tag","location":{"line":1,"column":1}}]},{"line":2,"elements":[{"start_timestamp":"2023-04-08T20:59:00.594Z","before":[{"result":{"duration":10213957000,"status":"passed"},"match":{"location":"StepDefinitions.Home.Hooks.openBrowser()"}}],"line":12,"name":"User could reset his/her password successfully","description":"","id":"verify-reset-password-functionality;user-could-reset-his/her-password-successfully;;2","after":[{"result":{"duration":2116078000,"status":"passed"},"match":{"location":"StepDefinitions.Home.Hooks.closeBrowser()"}}],"type":"scenario","keyword":"Scenario Outline","steps":[{"result":{"error_message":"org.openqa.selenium.NoSuchElementException: no such element: Unable to locate element: {\"method\":\"css selector\",\"selector\":\"#kt_sign_in_submit\"}\n  (Session info: chrome=111.0.5563.146)\nFor documentation on this error, please visit: https://selenium.dev/exceptions/#no_such_element\nBuild info: version: '4.7.2', revision: '4d4020c3b7'\nSystem info: os.name: 'Mac OS X', os.arch: 'aarch64', os.version: '12.5', java.version: '17.0.6'\nDriver info: org.openqa.selenium.chrome.ChromeDriver\nCommand: [b7bd12957cc46761b8665cb2bf2acbb1, findElement {using=id, value=kt_sign_in_submit}]\nCapabilities {acceptInsecureCerts: false, browserName: chrome, browserVersion: 111.0.5563.146, chrome: {chromedriverVersion: 111.0.5563.64 (c710e93d5b63..., userDataDir: /var/folders/0t/3x2gzg1s1hg...}, goog:chromeOptions: {debuggerAddress: localhost:56891}, networkConnectionEnabled: false, pageLoadStrategy: normal, platformName: MAC, proxy: Proxy(), se:cdp: ws://localhost:56891/devtoo..., se:cdpVersion: 111.0.5563.146, setWindowRect: true, strictFileInteractability: false, timeouts: {implicit: 0, pageLoad: 300000, script: 30000}, unhandledPromptBehavior: dismiss and notify, webauthn:extension:credBlob: true, webauthn:extension:largeBlob: true, webauthn:extension:minPinLength: true, webauthn:extension:prf: true, webauthn:virtualAuthenticators: true}\nSession ID: b7bd12957cc46761b8665cb2bf2acbb1\n\tat java.base/jdk.internal.reflect.NativeConstructorAccessorImpl.newInstance0(Native Method)\n\tat java.base/jdk.internal.reflect.NativeConstructorAccessorImpl.newInstance(NativeConstructorAccessorImpl.java:77)\n\tat java.base/jdk.internal.reflect.DelegatingConstructorAccessorImpl.newInstance(DelegatingConstructorAccessorImpl.java:45)\n\tat java.base/java.lang.reflect.Constructor.newInstanceWithCaller(Constructor.java:499)\n\tat java.base/java.lang.reflect.Constructor.newInstance(Constructor.java:480)\n\tat org.openqa.selenium.remote.codec.w3c.W3CHttpResponseCodec.createException(W3CHttpResponseCodec.java:200)\n\tat org.openqa.selenium.remote.codec.w3c.W3CHttpResponseCodec.decode(W3CHttpResponseCodec.java:133)\n\tat org.openqa.selenium.remote.codec.w3c.W3CHttpResponseCodec.decode(W3CHttpResponseCodec.java:53)\n\tat org.openqa.selenium.remote.HttpCommandExecutor.execute(HttpCommandExecutor.java:184)\n\tat org.openqa.selenium.remote.service.DriverCommandExecutor.invokeExecute(DriverCommandExecutor.java:167)\n\tat org.openqa.selenium.remote.service.DriverCommandExecutor.execute(DriverCommandExecutor.java:142)\n\tat org.openqa.selenium.remote.RemoteWebDriver.execute(RemoteWebDriver.java:535)\n\tat org.openqa.selenium.remote.ElementLocation$ElementFinder$2.findElement(ElementLocation.java:162)\n\tat org.openqa.selenium.remote.ElementLocation.findElement(ElementLocation.java:66)\n\tat org.openqa.selenium.remote.RemoteWebDriver.findElement(RemoteWebDriver.java:351)\n\tat org.openqa.selenium.remote.RemoteWebDriver.findElement(RemoteWebDriver.java:343)\n\tat POM.HomePage.login(HomePage.java:58)\n\tat StepDefinitions.ForgetPassword.ForgotPasswordSD.openLoginPage(ForgotPasswordSD.java:24)\n\tat ✽.user opened login page(file:///Users/amrashraf/IdeaProjects/sporstapp/src/main/resources/Features/RestPassword/SC06_invalidRestPassword.feature:5)\n","duration":391094000,"status":"failed"},"line":5,"name":"user opened login page","match":{"location":"StepDefinitions.ForgetPassword.ForgotPasswordSD.openLoginPage()"},"keyword":"Given "},{"result":{"duration":131000,"status":"skipped"},"line":6,"name":"user click on reset password","match":{"location":"StepDefinitions.ForgetPassword.ForgotPasswordSD.forgotPassword()"},"keyword":"And "},{"result":{"duration":77000,"status":"skipped"},"line":7,"name":"user enter his email\"mohamed.osama_94@yahoo.com\"","match":{"arguments":[{"val":"mohamed.osama_94@yahoo.com","offset":21}],"location":"StepDefinitions.ForgetPassword.ForgotPasswordSD.enterEmail(java.lang.String)"},"keyword":"And "},{"result":{"duration":88000,"status":"skipped"},"line":8,"name":"user click recover","match":{"location":"StepDefinitions.ForgetPassword.ForgotPasswordSD.clickOnRecover()"},"keyword":"And "},{"result":{"duration":72000,"status":"skipped"},"line":9,"name":"user should receive a link to reset password","match":{"location":"StepDefinitions.ForgetPassword.ForgotPasswordSD.checkRecoverMessage()"},"keyword":"Then "}],"tags":[{"name":"@Regression"}]}],"name":"verify reset password functionality","description":"","id":"verify-reset-password-functionality","keyword":"Feature","uri":"file:src/main/resources/Features/RestPassword/SC06_invalidRestPassword.feature","tags":[{"name":"@Regression","type":"Tag","location":{"line":1,"column":1}}]},{"line":2,"elements":[{"start_timestamp":"2023-04-08T20:59:13.327Z","before":[{"result":{"duration":9963493000,"status":"passed"},"match":{"location":"StepDefinitions.Home.Hooks.openBrowser()"}}],"line":4,"name":"User could register with valid data","description":"","id":"verify-register-functionality;user-could-register-with-valid-data","after":[{"result":{"duration":2113605000,"status":"passed"},"match":{"location":"StepDefinitions.Home.Hooks.closeBrowser()"}}],"type":"scenario","keyword":"Scenario","steps":[{"result":{"duration":3572579000,"status":"passed"},"line":5,"name":"user navigate to registration page","match":{"location":"StepDefinitions.Register.RegisterStepDefinition.openRegistrationPag()"},"keyword":"Given "},{"result":{"duration":2035207000,"status":"passed"},"line":6,"name":"user add club name","match":{"location":"StepDefinitions.Register.RegisterStepDefinition.ClubName()"},"keyword":"When "},{"result":{"duration":1287589000,"status":"passed"},"line":7,"name":"user add club domin","match":{"location":"StepDefinitions.Register.RegisterStepDefinition.ClubDomain()"},"keyword":"And "},{"result":{"duration":587890000,"status":"passed"},"line":8,"name":"user enter first name","match":{"location":"StepDefinitions.Register.RegisterStepDefinition.enterFirstName()"},"keyword":"And "},{"result":{"duration":355496000,"status":"passed"},"line":9,"name":"user enter last name","match":{"location":"StepDefinitions.Register.RegisterStepDefinition.enterLastName()"},"keyword":"And "},{"result":{"duration":501616000,"status":"passed"},"line":10,"name":"user enter email","match":{"location":"StepDefinitions.Register.RegisterStepDefinition.enterEmail()"},"keyword":"And "},{"result":{"duration":248576000,"status":"passed"},"line":11,"name":"user enter phone","match":{"location":"StepDefinitions.Register.RegisterStepDefinition.phone()"},"keyword":"And "},{"result":{"duration":66701000,"status":"passed"},"line":12,"name":"user enter password","match":{"location":"StepDefinitions.Register.RegisterStepDefinition.enterPassword()"},"keyword":"And "},{"result":{"duration":127718000,"status":"passed"},"line":13,"name":"user confirm password","match":{"location":"StepDefinitions.Register.RegisterStepDefinition.confirmPassword()"},"keyword":"And "},{"result":{"error_message":"org.openqa.selenium.ElementClickInterceptedException: element click intercepted: Element <button type=\"submit\" id=\"kt_sign_up_submit\" class=\"btn btn-lg btn_main w-100 mb-5\" disabled=\"\">...</button> is not clickable at point (840, 844). Other element would receive the click: <div class=\"text-center\">...</div>\n  (Session info: chrome=111.0.5563.146)\nBuild info: version: '4.7.2', revision: '4d4020c3b7'\nSystem info: os.name: 'Mac OS X', os.arch: 'aarch64', os.version: '12.5', java.version: '17.0.6'\nDriver info: org.openqa.selenium.chrome.ChromeDriver\nCommand: [3cde5f35f5df38d84a26d85a5eefc555, clickElement {id=4f411b48-be1a-421d-8681-3d2f714018b6}]\nCapabilities {acceptInsecureCerts: false, browserName: chrome, browserVersion: 111.0.5563.146, chrome: {chromedriverVersion: 111.0.5563.64 (c710e93d5b63..., userDataDir: /var/folders/0t/3x2gzg1s1hg...}, goog:chromeOptions: {debuggerAddress: localhost:56963}, networkConnectionEnabled: false, pageLoadStrategy: normal, platformName: MAC, proxy: Proxy(), se:cdp: ws://localhost:56963/devtoo..., se:cdpVersion: 111.0.5563.146, setWindowRect: true, strictFileInteractability: false, timeouts: {implicit: 0, pageLoad: 300000, script: 30000}, unhandledPromptBehavior: dismiss and notify, webauthn:extension:credBlob: true, webauthn:extension:largeBlob: true, webauthn:extension:minPinLength: true, webauthn:extension:prf: true, webauthn:virtualAuthenticators: true}\nElement: [[ChromeDriver: chrome on MAC (3cde5f35f5df38d84a26d85a5eefc555)] -> xpath: /html/body/div[1]/div/div/div/div/form/div[5]/button]\nSession ID: 3cde5f35f5df38d84a26d85a5eefc555\n\tat java.base/jdk.internal.reflect.NativeConstructorAccessorImpl.newInstance0(Native Method)\n\tat java.base/jdk.internal.reflect.NativeConstructorAccessorImpl.newInstance(NativeConstructorAccessorImpl.java:77)\n\tat java.base/jdk.internal.reflect.DelegatingConstructorAccessorImpl.newInstance(DelegatingConstructorAccessorImpl.java:45)\n\tat java.base/java.lang.reflect.Constructor.newInstanceWithCaller(Constructor.java:499)\n\tat java.base/java.lang.reflect.Constructor.newInstance(Constructor.java:480)\n\tat org.openqa.selenium.remote.codec.w3c.W3CHttpResponseCodec.createException(W3CHttpResponseCodec.java:200)\n\tat org.openqa.selenium.remote.codec.w3c.W3CHttpResponseCodec.decode(W3CHttpResponseCodec.java:133)\n\tat org.openqa.selenium.remote.codec.w3c.W3CHttpResponseCodec.decode(W3CHttpResponseCodec.java:53)\n\tat org.openqa.selenium.remote.HttpCommandExecutor.execute(HttpCommandExecutor.java:184)\n\tat org.openqa.selenium.remote.service.DriverCommandExecutor.invokeExecute(DriverCommandExecutor.java:167)\n\tat org.openqa.selenium.remote.service.DriverCommandExecutor.execute(DriverCommandExecutor.java:142)\n\tat org.openqa.selenium.remote.RemoteWebDriver.execute(RemoteWebDriver.java:535)\n\tat org.openqa.selenium.remote.RemoteWebElement.execute(RemoteWebElement.java:257)\n\tat org.openqa.selenium.remote.RemoteWebElement.click(RemoteWebElement.java:78)\n\tat StepDefinitions.Register.RegisterStepDefinition.clickOnRegisterBtn(RegisterStepDefinition.java:124)\n\tat ✽.user could register successfully(file:///Users/amrashraf/IdeaProjects/sporstapp/src/main/resources/Features/SC01_Register.feature:14)\n","duration":6065433000,"status":"failed"},"line":14,"name":"user could register successfully","match":{"location":"StepDefinitions.Register.RegisterStepDefinition.clickOnRegisterBtn()"},"keyword":"Then "}],"tags":[{"name":"@Regression"}]}],"name":"verify register functionality","description":"","id":"verify-register-functionality","keyword":"Feature","uri":"file:src/main/resources/Features/SC01_Register.feature","tags":[{"name":"@Regression","type":"Tag","location":{"line":1,"column":1}}]},{"line":2,"elements":[{"start_timestamp":"2023-04-08T20:59:40.272Z","before":[{"result":{"duration":14113244000,"status":"passed"},"match":{"location":"StepDefinitions.Home.Hooks.openBrowser()"}}],"line":4,"name":"User could add new member successfully","description":"","id":"verify-adding-new-member-functionality;user-could-add-new-member-successfully","after":[{"result":{"duration":2115936000,"status":"passed"},"match":{"location":"StepDefinitions.Home.Hooks.closeBrowser()"}}],"type":"scenario","keyword":"Scenario","steps":[{"result":{"duration":5106302000,"status":"passed"},"line":5,"name":"user login to dashboard","match":{"location":"StepDefinitions.Member.MemberStepDefinition.login_for_member()"},"keyword":"Given "},{"result":{"duration":5327995000,"status":"passed"},"line":6,"name":"user navigate to member page","match":{"location":"StepDefinitions.Member.MemberStepDefinition.memberpage()"},"keyword":"Given "},{"result":{"duration":1536795000,"status":"passed"},"line":7,"name":"user add new member","match":{"location":"StepDefinitions.Member.MemberStepDefinition.AddNewMember()"},"keyword":"When "},{"result":{"duration":164359000,"status":"passed"},"line":8,"name":"user choose marketing","match":{"location":"StepDefinitions.Member.MemberStepDefinition.marketing()"},"keyword":"And "},{"result":{"duration":1110086000,"status":"passed"},"line":9,"name":"user entering name","match":{"location":"StepDefinitions.Member.MemberStepDefinition.FullName()"},"keyword":"And "},{"result":{"duration":503122000,"status":"passed"},"line":10,"name":"user adding membership","match":{"location":"StepDefinitions.Member.MemberStepDefinition.Membership()"},"keyword":"And "},{"result":{"duration":2831389000,"status":"passed"},"line":11,"name":"user addning info","match":{"location":"StepDefinitions.Member.MemberStepDefinition.info()"},"keyword":"And "},{"result":{"duration":2849890000,"status":"passed"},"line":12,"name":"user add contact","match":{"location":"StepDefinitions.Member.MemberStepDefinition.contact()"},"keyword":"And "},{"result":{"duration":1993018000,"status":"passed"},"line":13,"name":"user add his address","match":{"location":"StepDefinitions.Member.MemberStepDefinition.AddressMember()"},"keyword":"And "},{"result":{"duration":2464173000,"status":"passed"},"line":14,"name":"user add his Health","match":{"location":"StepDefinitions.Member.MemberStepDefinition.HealthMember()"},"keyword":"And "},{"result":{"error_message":"org.openqa.selenium.NoSuchElementException: no such element: Unable to locate element: {\"method\":\"xpath\",\"selector\":\"/html/body/div[1]/div[1]/div/div[2]/div[2]/div/div/div/div[2]/form/div[8]/div/div[3]/select\"}\n  (Session info: chrome=111.0.5563.146)\nFor documentation on this error, please visit: https://selenium.dev/exceptions/#no_such_element\nBuild info: version: '4.7.2', revision: '4d4020c3b7'\nSystem info: os.name: 'Mac OS X', os.arch: 'aarch64', os.version: '12.5', java.version: '17.0.6'\nDriver info: org.openqa.selenium.chrome.ChromeDriver\nCommand: [d9b60cc179bdff52fd0d545a9034a491, findElement {using=xpath, value=/html/body/div[1]/div[1]/div/div[2]/div[2]/div/div/div/div[2]/form/div[8]/div/div[3]/select}]\nCapabilities {acceptInsecureCerts: false, browserName: chrome, browserVersion: 111.0.5563.146, chrome: {chromedriverVersion: 111.0.5563.64 (c710e93d5b63..., userDataDir: /var/folders/0t/3x2gzg1s1hg...}, goog:chromeOptions: {debuggerAddress: localhost:57092}, networkConnectionEnabled: false, pageLoadStrategy: normal, platformName: MAC, proxy: Proxy(), se:cdp: ws://localhost:57092/devtoo..., se:cdpVersion: 111.0.5563.146, setWindowRect: true, strictFileInteractability: false, timeouts: {implicit: 0, pageLoad: 300000, script: 30000}, unhandledPromptBehavior: dismiss and notify, webauthn:extension:credBlob: true, webauthn:extension:largeBlob: true, webauthn:extension:minPinLength: true, webauthn:extension:prf: true, webauthn:virtualAuthenticators: true}\nSession ID: d9b60cc179bdff52fd0d545a9034a491\n\tat java.base/jdk.internal.reflect.NativeConstructorAccessorImpl.newInstance0(Native Method)\n\tat java.base/jdk.internal.reflect.NativeConstructorAccessorImpl.newInstance(NativeConstructorAccessorImpl.java:77)\n\tat java.base/jdk.internal.reflect.DelegatingConstructorAccessorImpl.newInstance(DelegatingConstructorAccessorImpl.java:45)\n\tat java.base/java.lang.reflect.Constructor.newInstanceWithCaller(Constructor.java:499)\n\tat java.base/java.lang.reflect.Constructor.newInstance(Constructor.java:480)\n\tat org.openqa.selenium.remote.codec.w3c.W3CHttpResponseCodec.createException(W3CHttpResponseCodec.java:200)\n\tat org.openqa.selenium.remote.codec.w3c.W3CHttpResponseCodec.decode(W3CHttpResponseCodec.java:133)\n\tat org.openqa.selenium.remote.codec.w3c.W3CHttpResponseCodec.decode(W3CHttpResponseCodec.java:53)\n\tat org.openqa.selenium.remote.HttpCommandExecutor.execute(HttpCommandExecutor.java:184)\n\tat org.openqa.selenium.remote.service.DriverCommandExecutor.invokeExecute(DriverCommandExecutor.java:167)\n\tat org.openqa.selenium.remote.service.DriverCommandExecutor.execute(DriverCommandExecutor.java:142)\n\tat org.openqa.selenium.remote.RemoteWebDriver.execute(RemoteWebDriver.java:535)\n\tat org.openqa.selenium.remote.ElementLocation$ElementFinder$2.findElement(ElementLocation.java:162)\n\tat org.openqa.selenium.remote.ElementLocation.findElement(ElementLocation.java:60)\n\tat org.openqa.selenium.remote.RemoteWebDriver.findElement(RemoteWebDriver.java:351)\n\tat org.openqa.selenium.remote.RemoteWebDriver.findElement(RemoteWebDriver.java:343)\n\tat POM.MemberPage.package_id(MemberPage.java:187)\n\tat StepDefinitions.Member.MemberStepDefinition.activity(MemberStepDefinition.java:147)\n\tat ✽.user add his activity(file:///Users/amrashraf/IdeaProjects/sporstapp/src/main/resources/Features/SC04_AddMember.feature:15)\n","duration":4158279000,"status":"failed"},"line":15,"name":"user add his activity","match":{"location":"StepDefinitions.Member.MemberStepDefinition.activity()"},"keyword":"And "},{"result":{"duration":98000,"status":"skipped"},"line":16,"name":"user choose his payment","match":{"location":"StepDefinitions.Member.MemberStepDefinition.paymentMethod()"},"keyword":"And "},{"result":{"duration":49000,"status":"skipped"},"line":17,"name":"user save data of member","match":{"location":"StepDefinitions.Member.MemberStepDefinition.SaveData()"},"keyword":"And "},{"result":{"duration":42000,"status":"skipped"},"line":18,"name":"member added succesfully","match":{"location":"StepDefinitions.Member.MemberStepDefinition.createsuccesfully()"},"keyword":"Then "}],"tags":[{"name":"@Regression"}]}],"name":"verify adding new member functionality","description":"","id":"verify-adding-new-member-functionality","keyword":"Feature","uri":"file:src/main/resources/Features/SC04_AddMember.feature","tags":[{"name":"@Regression","type":"Tag","location":{"line":1,"column":1}}]},{"line":2,"elements":[{"start_timestamp":"2023-04-08T21:00:24.578Z","before":[{"result":{"duration":12860618000,"status":"passed"},"match":{"location":"StepDefinitions.Home.Hooks.openBrowser()"}}],"line":4,"name":"User could add new member successfully","description":"","id":"verify-adding-new-member-functionality;user-could-add-new-member-successfully","after":[{"result":{"duration":2171222000,"status":"passed"},"match":{"location":"StepDefinitions.Home.Hooks.closeBrowser()"}}],"type":"scenario","keyword":"Scenario","steps":[{"result":{"duration":4961393000,"status":"passed"},"line":5,"name":"user login to Edit member to  dashboard","match":{"location":"StepDefinitions.Member.EditMemberStepDefinition.login_for_editmember()"},"keyword":"Given "},{"result":{"duration":5631062000,"status":"passed"},"line":6,"name":"user navigate to edit member","match":{"location":"StepDefinitions.Member.EditMemberStepDefinition.editmemberpage()"},"keyword":"Given "},{"result":{"duration":2060850000,"status":"passed"},"line":7,"name":"user Edit new member","match":{"location":"StepDefinitions.Member.EditMemberStepDefinition.EditNewMember()"},"keyword":"When "},{"result":{"duration":508432000,"status":"passed"},"line":8,"name":"user Edit marketing","match":{"location":"StepDefinitions.Member.EditMemberStepDefinition.Editmarketing()"},"keyword":"And "},{"result":{"duration":765755000,"status":"passed"},"line":9,"name":"user Edit name","match":{"location":"StepDefinitions.Member.EditMemberStepDefinition.EditFullName()"},"keyword":"And "},{"result":{"duration":522431000,"status":"passed"},"line":10,"name":"user Edit membership","match":{"location":"StepDefinitions.Member.EditMemberStepDefinition.EditMembership()"},"keyword":"And "},{"result":{"duration":2833187000,"status":"passed"},"line":11,"name":"user Edit info","match":{"location":"StepDefinitions.Member.EditMemberStepDefinition.Editinfo()"},"keyword":"And "},{"result":{"duration":3197723000,"status":"passed"},"line":12,"name":"user Edit contact","match":{"location":"StepDefinitions.Member.EditMemberStepDefinition.Editcontact()"},"keyword":"And "},{"result":{"duration":2215258000,"status":"passed"},"line":13,"name":"user Edit his address","match":{"location":"StepDefinitions.Member.EditMemberStepDefinition.EditAddressMember()"},"keyword":"And "},{"result":{"duration":2289142000,"status":"passed"},"line":14,"name":"user Edit his Health","match":{"location":"StepDefinitions.Member.EditMemberStepDefinition.EditHealthMember()"},"keyword":"And "},{"result":{"error_message":"org.openqa.selenium.NoSuchElementException: Cannot locate option with text: Epee\nFor documentation on this error, please visit: https://selenium.dev/exceptions/#no_such_element\nBuild info: version: '4.7.2', revision: '4d4020c3b7'\nSystem info: os.name: 'Mac OS X', os.arch: 'aarch64', os.version: '12.5', java.version: '17.0.6'\nDriver info: driver.version: unknown\n\tat org.openqa.selenium.support.ui.Select.selectByVisibleText(Select.java:153)\n\tat StepDefinitions.Member.EditMemberStepDefinition.Editactivity(EditMemberStepDefinition.java:142)\n\tat ✽.user Edit his activity(file:///Users/amrashraf/IdeaProjects/sporstapp/src/main/resources/Features/SC05_EditMember.feature:15)\n","duration":4052730000,"status":"failed"},"line":15,"name":"user Edit his activity","match":{"location":"StepDefinitions.Member.EditMemberStepDefinition.Editactivity()"},"keyword":"And "},{"result":{"duration":145000,"status":"skipped"},"line":16,"name":"user Edit his payment","match":{"location":"StepDefinitions.Member.EditMemberStepDefinition.EditpaymentMethod()"},"keyword":"And "},{"result":{"duration":65000,"status":"skipped"},"line":17,"name":"user save data of Editmember","match":{"location":"StepDefinitions.Member.EditMemberStepDefinition.EditSaveData()"},"keyword":"Then "}],"tags":[{"name":"@Regression"}]}],"name":"verify adding new member functionality","description":"","id":"verify-adding-new-member-functionality","keyword":"Feature","uri":"file:src/main/resources/Features/SC05_EditMember.feature","tags":[{"name":"@Regression","type":"Tag","location":{"line":1,"column":1}}]}]